<?xml version="1.0" encoding="UTF-8"?>
<!-- Generated by org.testng.reporters.JUnitReportReporter -->
<testsuite skipped="1" hostname="DESKTOP-T9IJKIM" name="com.test.Bayram" tests="2" failures="0" timestamp="2020-05-26T20:05:27 EDT" time="12.998" errors="0">
  <testcase name="InvalidLogin" time="12.998" classname="com.test.Bayram"/>
  <system-out/>
  <testcase name="validLogin" classname="com.test.Bayram">
    <skipped/>
  </testcase> <!-- validLogin -->
  <system-out/>
</testsuite> <!-- com.test.Bayram -->
