<?xml version="1.0" encoding="UTF-8"?>
<!-- Generated by org.testng.reporters.JUnitReportReporter -->
<testsuite skipped="0" hostname="DESKTOP-T9IJKIM" name="com.testng.class02.TaskOne" tests="4" failures="0" timestamp="2020-05-22T18:21:09 EDT" time="0.025" errors="0">
  <testcase name="fourthMethod" time="0.020" classname="com.testng.class02.TaskOne"/>
  <system-out/>
  <testcase name="thirdMethod" time="0.001" classname="com.testng.class02.TaskOne"/>
  <system-out/>
  <testcase name="secondMethod" time="0.001" classname="com.testng.class02.TaskOne"/>
  <system-out/>
  <testcase name="firstMethod1" time="0.003" classname="com.testng.class02.TaskOne"/>
  <system-out/>
</testsuite> <!-- com.testng.class02.TaskOne -->
