<?xml version="1.0" encoding="UTF-8"?>
<!-- Generated by org.testng.reporters.JUnitReportReporter -->
<testsuite skipped="0" hostname="DESKTOP-T9IJKIM" name="com.testng.class01.TestNGDemo" tests="3" failures="0" timestamp="2020-05-27T17:14:14 EDT" time="0.011" errors="0">
  <testcase name="testTwo" time="0.002" classname="com.testng.class01.TestNGDemo"/>
  <system-out/>
  <testcase name="testOne" time="0.003" classname="com.testng.class01.TestNGDemo"/>
  <system-out/>
  <testcase name="testThree" time="0.006" classname="com.testng.class01.TestNGDemo"/>
  <system-out/>
</testsuite> <!-- com.testng.class01.TestNGDemo -->
