<?xml version="1.0" encoding="UTF-8"?>
<!-- Generated by org.testng.reporters.JUnitReportReporter -->
<testsuite skipped="0" hostname="DESKTOP-T9IJKIM" name="com.testng.class01.AppLogin" tests="1" failures="0" timestamp="2020-05-21T16:34:34 EDT" time="7.440" errors="0">
  <testcase name="test" time="7.440" classname="com.testng.class01.AppLogin"/>
  <system-out/>
</testsuite> <!-- com.testng.class01.AppLogin -->
