<?xml version="1.0" encoding="UTF-8"?>
<!-- Generated by org.testng.reporters.JUnitReportReporter -->
<testsuite skipped="0" hostname="DESKTOP-T9IJKIM" name="com.testng.review.sauceDemoTask" tests="2" failures="0" timestamp="2020-05-29T14:19:49 EDT" time="40.921" errors="0">
  <testcase name="verify" time="15.096" classname="com.testng.review.sauceDemoTask"/>
  <system-out/>
  <testcase name="select" time="25.825" classname="com.testng.review.sauceDemoTask"/>
  <system-out/>
</testsuite> <!-- com.testng.review.sauceDemoTask -->
