<?xml version="1.0" encoding="UTF-8"?>
<!-- Generated by org.testng.reporters.JUnitReportReporter -->
<testsuite skipped="0" hostname="DESKTOP-T9IJKIM" name="com.testng.class03.TestDemo" tests="4" failures="0" timestamp="2020-05-27T18:05:08 EDT" time="0.032" errors="0">
  <testcase name="test2" time="0.026" classname="com.testng.class03.TestDemo"/>
  <system-out/>
  <testcase name="test4" time="0.004" classname="com.testng.class03.TestDemo"/>
  <system-out/>
  <testcase name="test1" time="0.001" classname="com.testng.class03.TestDemo"/>
  <system-out/>
  <testcase name="test3" time="0.001" classname="com.testng.class03.TestDemo"/>
  <system-out/>
</testsuite> <!-- com.testng.class03.TestDemo -->
