<?xml version="1.0" encoding="UTF-8"?>
<!-- Generated by org.testng.reporters.JUnitReportReporter -->
<testsuite skipped="0" hostname="DESKTOP-T9IJKIM" name="com.testng.class01.TitleLogoAndLoginValidation" tests="3" failures="0" timestamp="2020-05-21T15:29:07 EDT" time="26.722" errors="0">
  <testcase name="titleValidation" time="7.193" classname="com.testng.class01.TitleLogoAndLoginValidation"/>
  <system-out/>
  <testcase name="logoValidation" time="7.634" classname="com.testng.class01.TitleLogoAndLoginValidation"/>
  <system-out/>
  <testcase name="validLogin" time="11.895" classname="com.testng.class01.TitleLogoAndLoginValidation"/>
  <system-out/>
</testsuite> <!-- com.testng.class01.TitleLogoAndLoginValidation -->
