<?xml version="1.0" encoding="UTF-8"?>
<!-- Generated by org.testng.reporters.JUnitReportReporter -->
<testsuite skipped="0" hostname="DESKTOP-T9IJKIM" name="com.class01.TestNGDemo" tests="3" failures="0" timestamp="2020-05-19T19:16:11 EDT" time="0.027" errors="0">
  <testcase name="testThree" time="0.005" classname="com.class01.TestNGDemo"/>
  <system-out/>
  <testcase name="testOne" time="0.017" classname="com.class01.TestNGDemo"/>
  <system-out/>
  <testcase name="testTwo" time="0.005" classname="com.class01.TestNGDemo"/>
  <system-out/>
</testsuite> <!-- com.class01.TestNGDemo -->
