<?xml version="1.0" encoding="UTF-8"?>
<!-- Generated by org.testng.reporters.JUnitReportReporter -->
<testsuite skipped="0" hostname="DESKTOP-T9IJKIM" name="com.testng.class02.HW2" tests="1" failures="0" timestamp="2020-05-22T14:50:15 EDT" time="6.794" errors="0">
  <testcase name="invalidLogin" time="6.794" classname="com.testng.class02.HW2"/>
  <system-out/>
</testsuite> <!-- com.testng.class02.HW2 -->
