<?xml version="1.0" encoding="UTF-8"?>
<!-- Generated by org.testng.reporters.JUnitReportReporter -->
<testsuite skipped="0" hostname="DESKTOP-T9IJKIM" name="com.testng.class01.tester" tests="3" failures="0" timestamp="2020-05-27T17:14:14 EDT" time="0.010" errors="0">
  <testcase name="TestTwo" time="0.003" classname="com.testng.class01.tester"/>
  <system-out/>
  <testcase name="TestOne" time="0.004" classname="com.testng.class01.tester"/>
  <system-out/>
  <testcase name="TestThree" time="0.003" classname="com.testng.class01.tester"/>
  <system-out/>
</testsuite> <!-- com.testng.class01.tester -->
