<?xml version="1.0" encoding="UTF-8"?>
<!-- Generated by org.testng.reporters.JUnitReportReporter -->
<testsuite skipped="0" hostname="DESKTOP-T9IJKIM" name="com.testng.class02.Task" tests="1" failures="0" timestamp="2020-05-22T20:17:47 EDT" time="15.081" errors="0">
  <testcase name="verifyLogo" time="15.081" classname="com.testng.class02.Task"/>
  <system-out/>
</testsuite> <!-- com.testng.class02.Task -->
