<?xml version="1.0" encoding="UTF-8"?>
<!-- Generated by org.testng.reporters.JUnitReportReporter -->
<testsuite skipped="0" hostname="DESKTOP-T9IJKIM" name="com.testng.class01.Task2" tests="2" failures="0" timestamp="2020-05-21T12:57:05 EDT" time="0.011" errors="0">
  <testcase name="test2" time="0.003" classname="com.testng.class01.Task2"/>
  <system-out/>
  <testcase name="test1" time="0.008" classname="com.testng.class01.Task2"/>
  <system-out/>
</testsuite> <!-- com.testng.class01.Task2 -->
