<?xml version="1.0" encoding="UTF-8"?>
<!-- Generated by org.testng.reporters.JUnitReportReporter -->
<testsuite skipped="0" hostname="DESKTOP-T9IJKIM" name="com.test.LoginTest" tests="3" failures="0" timestamp="2020-05-29T16:29:30 EDT" time="22.124" errors="0">
  <testcase name="invalidPasswordLogin" time="6.375" classname="com.test.LoginTest"/>
  <system-out/>
  <testcase name="validAdminLogin" time="8.924" classname="com.test.LoginTest"/>
  <system-out/>
  <testcase name="emptyUsernameLogin" time="6.825" classname="com.test.LoginTest"/>
  <system-out/>
</testsuite> <!-- com.test.LoginTest -->
