<?xml version="1.0" encoding="UTF-8"?>
<!-- Generated by org.testng.reporters.JUnitReportReporter -->
<testsuite skipped="0" hostname="DESKTOP-T9IJKIM" name="com.testng.review.sauceDemoTest" tests="4" failures="0" timestamp="2020-05-28T21:04:22 EDT" time="44.002" errors="0">
  <testcase name="loginToSauceDemo" time="10.454" classname="com.testng.review.sauceDemoTest"/>
  <system-out/>
  <testcase name="loginToSauceDemo" time="9.687" classname="com.testng.review.sauceDemoTest"/>
  <system-out/>
  <testcase name="loginToSauceDemo" time="13.476" classname="com.testng.review.sauceDemoTest"/>
  <system-out/>
  <testcase name="loginToSauceDemo" time="10.385" classname="com.testng.review.sauceDemoTest"/>
  <system-out/>
</testsuite> <!-- com.testng.review.sauceDemoTest -->
