<?xml version="1.0" encoding="UTF-8"?>
<!-- Generated by org.testng.reporters.JUnitReportReporter -->
<testsuite skipped="0" hostname="DESKTOP-T9IJKIM" name="com.testng.class02.SoftAssort" tests="1" failures="0" timestamp="2020-05-22T20:59:33 EDT" time="13.671" errors="0">
  <testcase name="f" time="13.671" classname="com.testng.class02.SoftAssort"/>
  <system-out/>
</testsuite> <!-- com.testng.class02.SoftAssort -->
