<?xml version="1.0" encoding="UTF-8"?>
<!-- Generated by org.testng.reporters.JUnitReportReporter -->
<testsuite skipped="0" hostname="DESKTOP-T9IJKIM" name="com.testng.class02.AssortionDemo" tests="3" failures="0" timestamp="2020-05-23T22:53:44 EDT" time="18.274" errors="0">
  <testcase name="titleValidation" time="5.629" classname="com.testng.class02.AssortionDemo"/>
  <system-out/>
  <testcase name="logoValidation" time="6.999" classname="com.testng.class02.AssortionDemo"/>
  <system-out/>
  <testcase name="invalidLogin" time="5.646" classname="com.testng.class02.AssortionDemo"/>
  <system-out/>
</testsuite> <!-- com.testng.class02.AssortionDemo -->
