<?xml version="1.0" encoding="UTF-8"?>
<!-- Generated by org.testng.reporters.JUnitReportReporter -->
<testsuite skipped="0" hostname="DESKTOP-T9IJKIM" name="com.testng.class01.NegativeLogin" tests="1" failures="0" timestamp="2020-05-27T17:14:14 EDT" time="18.546" errors="0">
  <testcase name="negativeLogin" time="18.546" classname="com.testng.class01.NegativeLogin"/>
  <system-out/>
</testsuite> <!-- com.testng.class01.NegativeLogin -->
