<?xml version="1.0" encoding="UTF-8"?>
<!-- Generated by org.testng.reporters.JUnitReportReporter -->
<testsuite skipped="0" hostname="DESKTOP-T9IJKIM" name="com.testng.class01.TitleLogoAndLoginValidation" tests="3" failures="0" timestamp="2020-05-27T17:14:14 EDT" time="51.987" errors="0">
  <testcase name="titleValidation" time="16.260" classname="com.testng.class01.TitleLogoAndLoginValidation"/>
  <system-out/>
  <testcase name="logoValidation" time="16.191" classname="com.testng.class01.TitleLogoAndLoginValidation"/>
  <system-out/>
  <testcase name="validLogin" time="19.536" classname="com.testng.class01.TitleLogoAndLoginValidation"/>
  <system-out/>
</testsuite> <!-- com.testng.class01.TitleLogoAndLoginValidation -->
