<?xml version="1.0" encoding="UTF-8"?>
<!-- Generated by org.testng.reporters.JUnitReportReporter -->
<testsuite skipped="0" hostname="DESKTOP-T9IJKIM" name="com.testng.class01.Task2" tests="2" failures="0" timestamp="2020-05-27T17:14:14 EDT" time="0.013" errors="0">
  <testcase name="test1" time="0.007" classname="com.testng.class01.Task2"/>
  <system-out/>
  <testcase name="test2" time="0.006" classname="com.testng.class01.Task2"/>
  <system-out/>
</testsuite> <!-- com.testng.class01.Task2 -->
