<?xml version="1.0" encoding="UTF-8"?>
<!-- Generated by org.testng.reporters.JUnitReportReporter -->
<testsuite skipped="0" hostname="DESKTOP-T9IJKIM" name="com.testng.class01.AppLogin" tests="1" failures="0" timestamp="2020-05-27T17:14:14 EDT" time="24.426" errors="0">
  <testcase name="test" time="24.426" classname="com.testng.class01.AppLogin"/>
  <system-out/>
</testsuite> <!-- com.testng.class01.AppLogin -->
