<?xml version="1.0" encoding="UTF-8"?>
<!-- Generated by org.testng.reporters.JUnitReportReporter -->
<testsuite skipped="0" hostname="DESKTOP-T9IJKIM" name="com.testng.class04.HW" tests="4" failures="0" timestamp="2020-05-31T22:33:30 EDT" time="76.726" errors="0">
  <testcase name="test" time="19.561" classname="com.testng.class04.HW"/>
  <system-out/>
  <testcase name="test" time="19.814" classname="com.testng.class04.HW"/>
  <system-out/>
  <testcase name="test" time="18.725" classname="com.testng.class04.HW"/>
  <system-out/>
  <testcase name="test" time="18.626" classname="com.testng.class04.HW"/>
  <system-out/>
</testsuite> <!-- com.testng.class04.HW -->
