<?xml version="1.0" encoding="UTF-8"?>
<!-- Generated by org.testng.reporters.JUnitReportReporter -->
<testsuite skipped="0" hostname="DESKTOP-T9IJKIM" name="com.testng.class02.HW" tests="1" failures="0" timestamp="2020-05-22T14:27:21 EDT" time="9.421" errors="0">
  <testcase name="validLogin" time="9.421" classname="com.testng.class02.HW"/>
  <system-out/>
</testsuite> <!-- com.testng.class02.HW -->
