<?xml version="1.0" encoding="UTF-8"?>
<!-- Generated by org.testng.reporters.JUnitReportReporter -->
<testsuite skipped="0" hostname="DESKTOP-T9IJKIM" name="com.testng.class01.NegativeLogin" tests="1" failures="0" timestamp="2020-05-21T17:00:17 EDT" time="7.104" errors="0">
  <testcase name="negativeLogin" time="7.104" classname="com.testng.class01.NegativeLogin"/>
  <system-out/>
</testsuite> <!-- com.testng.class01.NegativeLogin -->
